Using pre-set license
Built from '2020.3/staging' branch; Version is '2020.3.0f1 (c7b5465681fb) revision 13088070'; Using compiler version '192528614'; Build Type 'Release'
OS: 'Windows 10 Enterprise LTSC 2019; OS build 17763.1757; Version 1809; 64bit' Language: 'ru' Physical Memory: 5606 MB
BatchMode: 1, IsHumanControllingUs: 0, StartBugReporterOnCrash: 0, Is64bit: 1, IsPro: 0

 COMMAND LINE ARGUMENTS:
C:\Program Files\Unity\2020.3.0f1\Unity\Editor\Unity.exe
-adb2
-batchMode
-noUpm
-name
AssetImportWorker0
-projectPath
D:/_PROJECT/2D_PLATFORMER
-logFile
Logs/AssetImportWorker0.log
-srvPort
62003
Successfully changed project path to: D:/_PROJECT/2D_PLATFORMER
D:/_PROJECT/2D_PLATFORMER
Using Asset Import Pipeline V2.
Refreshing native plugins compatible for Editor in 49.99 ms, found 1 plugins.
Preloading 0 native plugins for Editor in 0.00 ms.
Initialize engine version: 2020.3.0f1 (c7b5465681fb)
[Subsystems] Discovering subsystems at path C:/Program Files/Unity/2020.3.0f1/Unity/Editor/Data/Resources/UnitySubsystems
[Subsystems] Discovering subsystems at path D:/_PROJECT/2D_PLATFORMER/Assets
GfxDevice: creating device client; threaded=0
Direct3D:
    Version:  Direct3D 11.0 [level 11.1]
    Renderer: NVIDIA GeForce GTX 1050 Ti (ID=0x1c82)
    Vendor:   
    VRAM:     4018 MB
    Driver:   27.21.14.6192
Initialize mono
Mono path[0] = 'C:/Program Files/Unity/2020.3.0f1/Unity/Editor/Data/Managed'
Mono path[1] = 'C:/Program Files/Unity/2020.3.0f1/Unity/Editor/Data/MonoBleedingEdge/lib/mono/unityjit'
Mono config path = 'C:/Program Files/Unity/2020.3.0f1/Unity/Editor/Data/MonoBleedingEdge/etc'
Using monoOptions --debugger-agent=transport=dt_socket,embedding=1,server=y,suspend=n,address=127.0.0.1:56492
Begin MonoManager ReloadAssembly
Registering precompiled unity dll's ...
Register platform support module: C:/Program Files/Unity/2020.3.0f1/Unity/Editor/Data/PlaybackEngines/WindowsStandaloneSupport/UnityEditor.WindowsStandalone.Extensions.dll
Registered in 0.001903 seconds.
Native extension for WindowsStandalone target not found
Refreshing native plugins compatible for Editor in 48.27 ms, found 1 plugins.
Preloading 0 native plugins for Editor in 0.00 ms.
Invoked RoslynAnalysisRunner static constructor.
RoslynAnalysisRunner will not be running.
RoslynAnalysisRunner has terminated.
Mono: successfully reloaded assembly
- Completed reload, in  1.141 seconds
Platform modules already initialized, skipping
Registering precompiled user dll's ...
Registered in 0.000843 seconds.
Begin MonoManager ReloadAssembly
Native extension for WindowsStandalone target not found
Refreshing native plugins compatible for Editor in 47.47 ms, found 1 plugins.
Preloading 0 native plugins for Editor in 0.00 ms.
Invoked RoslynAnalysisRunner static constructor.
RoslynAnalysisRunner will not be running.
RoslynAnalysisRunner has terminated.
Mono: successfully reloaded assembly
- Completed reload, in  1.230 seconds
Platform modules already initialized, skipping
========================================================================
Worker process is ready to serve import requests
Launched and connected shader compiler UnityShaderCompiler.exe after 0.05 seconds
Refreshing native plugins compatible for Editor in 0.43 ms, found 1 plugins.
Preloading 0 native plugins for Editor in 0.00 ms.
Unloading 2251 Unused Serialized files (Serialized files now loaded: 0)
System memory in use before: 100.1 MB.
System memory in use after: 100.1 MB.

Unloading 27 unused Assets to reduce memory usage. Loaded Objects now: 2696.
Total: 2.937700 ms (FindLiveObjects: 0.222200 ms CreateObjectMapping: 0.098000 ms MarkObjects: 2.424900 ms  DeleteObjects: 0.191300 ms)

========================================================================
Received Import Request.
  path: Assets/Sprites/Tiles
  artifactKey: Guid(b9a523fc97667cf4ba62e9653527d085) Importer(815301076,1909f56bfc062723c751e8b465ee728b)
Start importing Assets/Sprites/Tiles using Guid(b9a523fc97667cf4ba62e9653527d085) Importer(815301076,1909f56bfc062723c751e8b465ee728b)  -> (artifact id: '8aa1dd9f6b0fcf411adb0d564e278f40') in 0.005733 seconds
  Import took 0.010047 seconds .

========================================================================
Received Import Request.
  Time since last request: 27.036957 seconds.
  path: Assets/TilePallete
  artifactKey: Guid(694511e3b05dec847af7024d5201c756) Importer(815301076,1909f56bfc062723c751e8b465ee728b)
Start importing Assets/TilePallete using Guid(694511e3b05dec847af7024d5201c756) Importer(815301076,1909f56bfc062723c751e8b465ee728b)  -> (artifact id: 'd1387caf07c32903ccb0cb5910a5bd88') in 0.004845 seconds
  Import took 0.009361 seconds .

========================================================================
Received Import Request.
  Time since last request: 6.124166 seconds.
  path: Assets/TilePalette
  artifactKey: Guid(694511e3b05dec847af7024d5201c756) Importer(815301076,1909f56bfc062723c751e8b465ee728b)
Start importing Assets/TilePalette using Guid(694511e3b05dec847af7024d5201c756) Importer(815301076,1909f56bfc062723c751e8b465ee728b)  -> (artifact id: '255c2aa33c56dd273759992f1595ff6c') in 0.003081 seconds
  Import took 0.007672 seconds .

========================================================================
Received Import Request.
  Time since last request: 0.003908 seconds.
  path: Assets/TilePalette
  artifactKey: Guid(694511e3b05dec847af7024d5201c756) Importer(815301076,1909f56bfc062723c751e8b465ee728b)
Start importing Assets/TilePalette using Guid(694511e3b05dec847af7024d5201c756) Importer(815301076,1909f56bfc062723c751e8b465ee728b)  -> (artifact id: '255c2aa33c56dd273759992f1595ff6c') in 0.003144 seconds
  Import took 0.008547 seconds .

========================================================================
Received Import Request.
  Time since last request: 71.100926 seconds.
  path: Assets/TilePalette/Ground.prefab
  artifactKey: Guid(3cef6714db979164cb27d66c21f63ef9) Importer(815301076,1909f56bfc062723c751e8b465ee728b)
Start importing Assets/TilePalette/Ground.prefab using Guid(3cef6714db979164cb27d66c21f63ef9) Importer(815301076,1909f56bfc062723c751e8b465ee728b)  -> (artifact id: 'a22a4008e4d34e8b4bc297fce9590227') in 0.071797 seconds
  Import took 0.077479 seconds .

========================================================================
Received Import Request.
  Time since last request: 364.762480 seconds.
  path: Assets/Sprites/Tiles/Ground.png
  artifactKey: Guid(a149c26c9fa9c82478393287fa46f5df) Importer(815301076,1909f56bfc062723c751e8b465ee728b)
Start importing Assets/Sprites/Tiles/Ground.png using Guid(a149c26c9fa9c82478393287fa46f5df) Importer(815301076,1909f56bfc062723c751e8b465ee728b)  -> (artifact id: '4e6bd2f66ba5f6c73e2825bfa2c24bbb') in 0.249606 seconds
  Import took 0.285226 seconds .

========================================================================
Received Import Request.
  Time since last request: 0.000495 seconds.
  path: Assets/Sprites/Tiles/Ground.psd
  artifactKey: Guid(43a4cd31e9bd27a499ebe122a7447ed1) Importer(815301076,1909f56bfc062723c751e8b465ee728b)
Start importing Assets/Sprites/Tiles/Ground.psd using Guid(43a4cd31e9bd27a499ebe122a7447ed1) Importer(815301076,1909f56bfc062723c751e8b465ee728b)  -> (artifact id: '3eefbdf5fd531e07f93a2b978f3d179f') in 0.025062 seconds
  Import took 0.051518 seconds .

========================================================================
Received Import Request.
  Time since last request: 232.416004 seconds.
  path: Assets/Sprites/Tiles/Stairs.png
  artifactKey: Guid(7ad12a0c6f18eaa48838922966a59fbe) Importer(815301076,1909f56bfc062723c751e8b465ee728b)
Start importing Assets/Sprites/Tiles/Stairs.png using Guid(7ad12a0c6f18eaa48838922966a59fbe) Importer(815301076,1909f56bfc062723c751e8b465ee728b)  -> (artifact id: '714fadece95c11afaa72eaca4a993768') in 0.014716 seconds
  Import took 0.020727 seconds .

========================================================================
Received Import Request.
  Time since last request: 0.000278 seconds.
  path: Assets/Sprites/Tiles/Wall.psd
  artifactKey: Guid(9af8f37a893415c4296f7501b09bd9b4) Importer(815301076,1909f56bfc062723c751e8b465ee728b)
Start importing Assets/Sprites/Tiles/Wall.psd using Guid(9af8f37a893415c4296f7501b09bd9b4) Importer(815301076,1909f56bfc062723c751e8b465ee728b)  -> (artifact id: '99ee98a7060d632ac882c6bbfdf7db3b') in 0.010733 seconds
  Import took 0.031131 seconds .

========================================================================
Received Import Request.
  Time since last request: 0.000263 seconds.
  path: Assets/Sprites/Tiles/Stairs.psd
  artifactKey: Guid(550a6912f9baf7f4382a3cbaae05d15c) Importer(815301076,1909f56bfc062723c751e8b465ee728b)
Start importing Assets/Sprites/Tiles/Stairs.psd using Guid(550a6912f9baf7f4382a3cbaae05d15c) Importer(815301076,1909f56bfc062723c751e8b465ee728b)  -> (artifact id: 'dc21841015b5ffe523ab49dae2a17240') in 0.011384 seconds
  Import took 0.018342 seconds .

========================================================================
Received Import Request.
  Time since last request: 0.000317 seconds.
  path: Assets/Sprites/Tiles/Wall.png
  artifactKey: Guid(eae18915c4512974e95524c54bc0c99d) Importer(815301076,1909f56bfc062723c751e8b465ee728b)
Start importing Assets/Sprites/Tiles/Wall.png using Guid(eae18915c4512974e95524c54bc0c99d) Importer(815301076,1909f56bfc062723c751e8b465ee728b)  -> (artifact id: 'a9af71b23c7ab0a7115283179814944d') in 0.015480 seconds
  Import took 0.020372 seconds .

========================================================================
Received Import Request.
  Time since last request: 458.551034 seconds.
  path: Assets/Sprites/Tiles/Stairs.png
  artifactKey: Guid(7ad12a0c6f18eaa48838922966a59fbe) Importer(815301076,1909f56bfc062723c751e8b465ee728b)
Start importing Assets/Sprites/Tiles/Stairs.png using Guid(7ad12a0c6f18eaa48838922966a59fbe) Importer(815301076,1909f56bfc062723c751e8b465ee728b)  -> (artifact id: '543e7e89749fdab56083ae27022930bc') in 0.016188 seconds
  Import took 0.037631 seconds .

========================================================================
Received Import Request.
  Time since last request: 6.669633 seconds.
  path: Assets/Sprites/Tiles/Wall.png
  artifactKey: Guid(eae18915c4512974e95524c54bc0c99d) Importer(815301076,1909f56bfc062723c751e8b465ee728b)
Start importing Assets/Sprites/Tiles/Wall.png using Guid(eae18915c4512974e95524c54bc0c99d) Importer(815301076,1909f56bfc062723c751e8b465ee728b)  -> (artifact id: '22265784799ac08a03eec71c8d46f14b') in 0.014788 seconds
  Import took 0.042377 seconds .

========================================================================
Received Import Request.
  Time since last request: 4.436799 seconds.
  path: Assets/Sprites/Tiles/Ground.png
  artifactKey: Guid(a149c26c9fa9c82478393287fa46f5df) Importer(815301076,1909f56bfc062723c751e8b465ee728b)
Start importing Assets/Sprites/Tiles/Ground.png using Guid(a149c26c9fa9c82478393287fa46f5df) Importer(815301076,1909f56bfc062723c751e8b465ee728b)  -> (artifact id: '5f0051cd3662d68d88193346546d67f0') in 0.016030 seconds
  Import took 0.039187 seconds .

========================================================================
Received Import Request.
  Time since last request: 84.540573 seconds.
  path: Assets/Sprites/Tiles/Player.png
  artifactKey: Guid(0c46bf62762dd91469ac42b954f935ef) Importer(815301076,1909f56bfc062723c751e8b465ee728b)
Start importing Assets/Sprites/Tiles/Player.png using Guid(0c46bf62762dd91469ac42b954f935ef) Importer(815301076,1909f56bfc062723c751e8b465ee728b)  -> (artifact id: 'b360010ea239848d3d06df3c9c94b202') in 0.030485 seconds
  Import took 0.037204 seconds .

========================================================================
Received Import Request.
  Time since last request: 0.000269 seconds.
  path: Assets/Sprites/Tiles/Player.psd
  artifactKey: Guid(cff4fae6a470a4742a96250370b9606c) Importer(815301076,1909f56bfc062723c751e8b465ee728b)
Start importing Assets/Sprites/Tiles/Player.psd using Guid(cff4fae6a470a4742a96250370b9606c) Importer(815301076,1909f56bfc062723c751e8b465ee728b)  -> (artifact id: '7c0cd6c4ed67ff1b9cfe705fea4e3ad6') in 0.028682 seconds
  Import took 0.058446 seconds .

========================================================================
Received Prepare
Registering precompiled user dll's ...
Registered in 0.012648 seconds.
Begin MonoManager ReloadAssembly
Native extension for WindowsStandalone target not found
Refreshing native plugins compatible for Editor in 0.47 ms, found 1 plugins.
Preloading 0 native plugins for Editor in 0.00 ms.
Invoked RoslynAnalysisRunner static constructor.
RoslynAnalysisRunner will not be running.
RoslynAnalysisRunner has terminated.
Mono: successfully reloaded assembly
- Completed reload, in  1.318 seconds
Platform modules already initialized, skipping
Refreshing native plugins compatible for Editor in 0.53 ms, found 1 plugins.
Preloading 0 native plugins for Editor in 0.00 ms.
Unloading 2244 Unused Serialized files (Serialized files now loaded: 0)
System memory in use before: 103.2 MB.
System memory in use after: 103.2 MB.

Unloading 13 unused Assets to reduce memory usage. Loaded Objects now: 2706.
Total: 3.480600 ms (FindLiveObjects: 0.299900 ms CreateObjectMapping: 0.159900 ms MarkObjects: 2.869200 ms  DeleteObjects: 0.149700 ms)

========================================================================
Received Prepare
Registering precompiled user dll's ...
Registered in 0.001240 seconds.
Begin MonoManager ReloadAssembly
Native extension for WindowsStandalone target not found
Refreshing native plugins compatible for Editor in 0.47 ms, found 1 plugins.
Preloading 0 native plugins for Editor in 0.00 ms.
Invoked RoslynAnalysisRunner static constructor.
RoslynAnalysisRunner will not be running.
RoslynAnalysisRunner has terminated.
Mono: successfully reloaded assembly
- Completed reload, in  1.038 seconds
Platform modules already initialized, skipping
Refreshing native plugins compatible for Editor in 0.50 ms, found 1 plugins.
Preloading 0 native plugins for Editor in 0.00 ms.
Unloading 2244 Unused Serialized files (Serialized files now loaded: 0)
System memory in use before: 103.3 MB.
System memory in use after: 103.3 MB.

Unloading 13 unused Assets to reduce memory usage. Loaded Objects now: 2710.
Total: 3.478000 ms (FindLiveObjects: 0.292300 ms CreateObjectMapping: 0.108000 ms MarkObjects: 2.945900 ms  DeleteObjects: 0.130000 ms)

========================================================================
Received Prepare
Registering precompiled user dll's ...
Registered in 0.000945 seconds.
Begin MonoManager ReloadAssembly
Native extension for WindowsStandalone target not found
Refreshing native plugins compatible for Editor in 0.59 ms, found 1 plugins.
Preloading 0 native plugins for Editor in 0.00 ms.
Invoked RoslynAnalysisRunner static constructor.
RoslynAnalysisRunner will not be running.
RoslynAnalysisRunner has terminated.
Mono: successfully reloaded assembly
- Completed reload, in  1.013 seconds
Platform modules already initialized, skipping
Refreshing native plugins compatible for Editor in 0.42 ms, found 1 plugins.
Preloading 0 native plugins for Editor in 0.00 ms.
Unloading 2244 Unused Serialized files (Serialized files now loaded: 0)
System memory in use before: 103.4 MB.
System memory in use after: 103.4 MB.

Unloading 13 unused Assets to reduce memory usage. Loaded Objects now: 2714.
Total: 2.401800 ms (FindLiveObjects: 0.284300 ms CreateObjectMapping: 0.107900 ms MarkObjects: 1.867500 ms  DeleteObjects: 0.141300 ms)

========================================================================
Received Import Request.
  Time since last request: 466.034322 seconds.
  path: Assets/PhyMat
  artifactKey: Guid(039e4348f2f06e8439ba48cd2096c82b) Importer(815301076,1909f56bfc062723c751e8b465ee728b)
Start importing Assets/PhyMat using Guid(039e4348f2f06e8439ba48cd2096c82b) Importer(815301076,1909f56bfc062723c751e8b465ee728b)  -> (artifact id: 'b3b373dd0e8d9bac5f48836a654caf1e') in 0.007694 seconds
  Import took 0.013448 seconds .

========================================================================
Received Import Request.
  Time since last request: 3.189802 seconds.
  path: Assets/PhysMat
  artifactKey: Guid(039e4348f2f06e8439ba48cd2096c82b) Importer(815301076,1909f56bfc062723c751e8b465ee728b)
Start importing Assets/PhysMat using Guid(039e4348f2f06e8439ba48cd2096c82b) Importer(815301076,1909f56bfc062723c751e8b465ee728b)  -> (artifact id: 'e2737772cd6b8646a3098eaf6fd22e6d') in 0.002628 seconds
  Import took 0.025567 seconds .

========================================================================
Received Import Request.
  Time since last request: 35.197745 seconds.
  path: Assets/PhysMat/New Physics Material 2D.physicsMaterial2D
  artifactKey: Guid(72f877d7252146b4d93b454d0b27972a) Importer(815301076,1909f56bfc062723c751e8b465ee728b)
Start importing Assets/PhysMat/New Physics Material 2D.physicsMaterial2D using Guid(72f877d7252146b4d93b454d0b27972a) Importer(815301076,1909f56bfc062723c751e8b465ee728b)  -> (artifact id: '2ab13563ddf7425c4b80d3c9a4cf037b') in 0.014324 seconds
  Import took 0.026422 seconds .

========================================================================
Received Import Request.
  Time since last request: 0.020718 seconds.
  path: Assets/PhysMat/New Physics Material 2D.physicsMaterial2D
  artifactKey: Guid(72f877d7252146b4d93b454d0b27972a) Importer(815301076,1909f56bfc062723c751e8b465ee728b)
Start importing Assets/PhysMat/New Physics Material 2D.physicsMaterial2D using Guid(72f877d7252146b4d93b454d0b27972a) Importer(815301076,1909f56bfc062723c751e8b465ee728b)  -> (artifact id: '2ab13563ddf7425c4b80d3c9a4cf037b') in 0.003122 seconds
  Import took 0.008014 seconds .

========================================================================
Received Import Request.
  Time since last request: 13.023708 seconds.
  path: Assets/PhysMat/Player.physicsMaterial2D
  artifactKey: Guid(72f877d7252146b4d93b454d0b27972a) Importer(815301076,1909f56bfc062723c751e8b465ee728b)
Start importing Assets/PhysMat/Player.physicsMaterial2D using Guid(72f877d7252146b4d93b454d0b27972a) Importer(815301076,1909f56bfc062723c751e8b465ee728b)  -> (artifact id: '3d2c8ef5c2d684082b2608608e7e2784') in 0.005568 seconds
  Import took 0.028087 seconds .

========================================================================
Received Prepare
Registering precompiled user dll's ...
Registered in 0.000937 seconds.
Begin MonoManager ReloadAssembly
Native extension for WindowsStandalone target not found
Refreshing native plugins compatible for Editor in 0.45 ms, found 1 plugins.
Preloading 0 native plugins for Editor in 0.00 ms.
Invoked RoslynAnalysisRunner static constructor.
RoslynAnalysisRunner will not be running.
RoslynAnalysisRunner has terminated.
Mono: successfully reloaded assembly
- Completed reload, in  1.023 seconds
Platform modules already initialized, skipping
Refreshing native plugins compatible for Editor in 0.47 ms, found 1 plugins.
Preloading 0 native plugins for Editor in 0.00 ms.
Unloading 2244 Unused Serialized files (Serialized files now loaded: 0)
System memory in use before: 103.4 MB.
System memory in use after: 103.4 MB.

Unloading 13 unused Assets to reduce memory usage. Loaded Objects now: 2718.
Total: 2.574100 ms (FindLiveObjects: 0.305500 ms CreateObjectMapping: 0.112300 ms MarkObjects: 2.016000 ms  DeleteObjects: 0.139100 ms)

========================================================================
Received Prepare
Registering precompiled user dll's ...
Registered in 0.001112 seconds.
Begin MonoManager ReloadAssembly
Native extension for WindowsStandalone target not found
Refreshing native plugins compatible for Editor in 0.43 ms, found 1 plugins.
Preloading 0 native plugins for Editor in 0.00 ms.
Invoked RoslynAnalysisRunner static constructor.
RoslynAnalysisRunner will not be running.
RoslynAnalysisRunner has terminated.
Mono: successfully reloaded assembly
- Completed reload, in  1.024 seconds
Platform modules already initialized, skipping
Refreshing native plugins compatible for Editor in 0.48 ms, found 1 plugins.
Preloading 0 native plugins for Editor in 0.00 ms.
Unloading 2244 Unused Serialized files (Serialized files now loaded: 0)
System memory in use before: 103.5 MB.
System memory in use after: 103.5 MB.

Unloading 13 unused Assets to reduce memory usage. Loaded Objects now: 2722.
Total: 2.409300 ms (FindLiveObjects: 0.270400 ms CreateObjectMapping: 0.102400 ms MarkObjects: 1.897100 ms  DeleteObjects: 0.138300 ms)

========================================================================
Received Prepare
Registering precompiled user dll's ...
Registered in 0.000890 seconds.
Begin MonoManager ReloadAssembly
Native extension for WindowsStandalone target not found
Refreshing native plugins compatible for Editor in 0.46 ms, found 1 plugins.
Preloading 0 native plugins for Editor in 0.00 ms.
Invoked RoslynAnalysisRunner static constructor.
RoslynAnalysisRunner will not be running.
RoslynAnalysisRunner has terminated.
Mono: successfully reloaded assembly
- Completed reload, in  1.030 seconds
Platform modules already initialized, skipping
Refreshing native plugins compatible for Editor in 0.42 ms, found 1 plugins.
Preloading 0 native plugins for Editor in 0.00 ms.
Unloading 2244 Unused Serialized files (Serialized files now loaded: 0)
System memory in use before: 103.5 MB.
System memory in use after: 103.6 MB.

Unloading 13 unused Assets to reduce memory usage. Loaded Objects now: 2726.
Total: 2.572900 ms (FindLiveObjects: 0.297200 ms CreateObjectMapping: 0.113300 ms MarkObjects: 2.020800 ms  DeleteObjects: 0.140600 ms)

========================================================================
Received Prepare
Registering precompiled user dll's ...
Registered in 0.000956 seconds.
Begin MonoManager ReloadAssembly
Native extension for WindowsStandalone target not found
Refreshing native plugins compatible for Editor in 0.43 ms, found 1 plugins.
Preloading 0 native plugins for Editor in 0.00 ms.
Invoked RoslynAnalysisRunner static constructor.
RoslynAnalysisRunner will not be running.
RoslynAnalysisRunner has terminated.
Mono: successfully reloaded assembly
- Completed reload, in  1.075 seconds
Platform modules already initialized, skipping
Refreshing native plugins compatible for Editor in 0.50 ms, found 1 plugins.
Preloading 0 native plugins for Editor in 0.00 ms.
Unloading 2244 Unused Serialized files (Serialized files now loaded: 0)
System memory in use before: 103.5 MB.
System memory in use after: 103.6 MB.

Unloading 13 unused Assets to reduce memory usage. Loaded Objects now: 2730.
Total: 2.539500 ms (FindLiveObjects: 0.258000 ms CreateObjectMapping: 0.117800 ms MarkObjects: 2.023600 ms  DeleteObjects: 0.139100 ms)

========================================================================
Received Prepare
Registering precompiled user dll's ...
Registered in 0.000998 seconds.
Begin MonoManager ReloadAssembly
Native extension for WindowsStandalone target not found
Refreshing native plugins compatible for Editor in 0.45 ms, found 1 plugins.
Preloading 0 native plugins for Editor in 0.00 ms.
Invoked RoslynAnalysisRunner static constructor.
RoslynAnalysisRunner will not be running.
RoslynAnalysisRunner has terminated.
Mono: successfully reloaded assembly
- Completed reload, in  1.016 seconds
Platform modules already initialized, skipping
Refreshing native plugins compatible for Editor in 0.50 ms, found 1 plugins.
Preloading 0 native plugins for Editor in 0.00 ms.
Unloading 2244 Unused Serialized files (Serialized files now loaded: 0)
System memory in use before: 103.6 MB.
System memory in use after: 103.6 MB.

Unloading 13 unused Assets to reduce memory usage. Loaded Objects now: 2734.
Total: 3.272900 ms (FindLiveObjects: 0.276800 ms CreateObjectMapping: 0.131500 ms MarkObjects: 2.716900 ms  DeleteObjects: 0.145700 ms)

========================================================================
Received Prepare
Registering precompiled user dll's ...
Registered in 0.000899 seconds.
Begin MonoManager ReloadAssembly
Native extension for WindowsStandalone target not found
Refreshing native plugins compatible for Editor in 0.45 ms, found 1 plugins.
Preloading 0 native plugins for Editor in 0.00 ms.
Invoked RoslynAnalysisRunner static constructor.
RoslynAnalysisRunner will not be running.
RoslynAnalysisRunner has terminated.
Mono: successfully reloaded assembly
- Completed reload, in  1.021 seconds
Platform modules already initialized, skipping
Refreshing native plugins compatible for Editor in 0.44 ms, found 1 plugins.
Preloading 0 native plugins for Editor in 0.00 ms.
Unloading 2244 Unused Serialized files (Serialized files now loaded: 0)
System memory in use before: 103.6 MB.
System memory in use after: 103.7 MB.

Unloading 13 unused Assets to reduce memory usage. Loaded Objects now: 2738.
Total: 3.045800 ms (FindLiveObjects: 0.287300 ms CreateObjectMapping: 0.130000 ms MarkObjects: 2.150000 ms  DeleteObjects: 0.477200 ms)

========================================================================
Received Prepare
Registering precompiled user dll's ...
Registered in 0.000942 seconds.
Begin MonoManager ReloadAssembly
Native extension for WindowsStandalone target not found
Refreshing native plugins compatible for Editor in 0.58 ms, found 1 plugins.
Preloading 0 native plugins for Editor in 0.00 ms.
Invoked RoslynAnalysisRunner static constructor.
RoslynAnalysisRunner will not be running.
RoslynAnalysisRunner has terminated.
Mono: successfully reloaded assembly
- Completed reload, in  1.025 seconds
Platform modules already initialized, skipping
Refreshing native plugins compatible for Editor in 0.44 ms, found 1 plugins.
Preloading 0 native plugins for Editor in 0.00 ms.
Unloading 2244 Unused Serialized files (Serialized files now loaded: 0)
System memory in use before: 103.6 MB.
System memory in use after: 103.7 MB.

Unloading 13 unused Assets to reduce memory usage. Loaded Objects now: 2742.
Total: 2.459400 ms (FindLiveObjects: 0.279900 ms CreateObjectMapping: 0.110100 ms MarkObjects: 1.955100 ms  DeleteObjects: 0.112900 ms)

========================================================================
Received Prepare
Registering precompiled user dll's ...
Registered in 0.000866 seconds.
Begin MonoManager ReloadAssembly
Native extension for WindowsStandalone target not found
Refreshing native plugins compatible for Editor in 0.42 ms, found 1 plugins.
Preloading 0 native plugins for Editor in 0.00 ms.
Invoked RoslynAnalysisRunner static constructor.
RoslynAnalysisRunner will not be running.
RoslynAnalysisRunner has terminated.
Mono: successfully reloaded assembly
- Completed reload, in  1.051 seconds
Platform modules already initialized, skipping
Refreshing native plugins compatible for Editor in 0.42 ms, found 1 plugins.
Preloading 0 native plugins for Editor in 0.00 ms.
Unloading 2244 Unused Serialized files (Serialized files now loaded: 0)
System memory in use before: 103.6 MB.
System memory in use after: 103.7 MB.

Unloading 13 unused Assets to reduce memory usage. Loaded Objects now: 2746.
Total: 3.184300 ms (FindLiveObjects: 0.451700 ms CreateObjectMapping: 0.233500 ms MarkObjects: 2.322700 ms  DeleteObjects: 0.174000 ms)

========================================================================
Received Import Request.
  Time since last request: 369.244464 seconds.
  path: Assets/PhysMat/Player.physicsMaterial2D
  artifactKey: Guid(72f877d7252146b4d93b454d0b27972a) Importer(815301076,1909f56bfc062723c751e8b465ee728b)
Start importing Assets/PhysMat/Player.physicsMaterial2D using Guid(72f877d7252146b4d93b454d0b27972a) Importer(815301076,1909f56bfc062723c751e8b465ee728b)  -> (artifact id: '76b5952919ad9d0df1a16e7e271ea139') in 0.016104 seconds
  Import took 0.038122 seconds .

AssetImportWorkerClient::OnTransportError - code=2 error=End of file
